<?xml version="1.0" encoding="UTF-8"?>
<!-- Generated by org.testng.reporters.JUnitXMLReporter -->
<testsuite hostname="LAPTOP-G0NLQ86S" ignored="0" name="Automation Positive Tests" tests="6" failures="1" timestamp="03 Nov 2019 04:53:55 GMT" time="90.968" errors="0">
  <testcase name="findFlight" time="29.397" classname="test.ExpendiaTest"/>
  <testcase name="compareCheapPriceResult" time="2.547" classname="test.ExpendiaTest"/>
  <testcase name="comparePriceResult" time="0.128" classname="test.ExpendiaTest">
    <failure type="java.lang.AssertionError" message="expected [true] but found [false]">
      <![CDATA[java.lang.AssertionError: expected [true] but found [false]
	at test.ExpendiaTest.comparePriceResult(ExpendiaTest.java:65)
... Removed 29 stack frames]]>
    </failure>
  </testcase> <!-- comparePriceResult -->
  <testcase name="showFlightsResults" time="0.722" classname="test.ExpendiaTest"/>
  <testcase name="verifyPanelAirlines" time="57.902" classname="test.ExpendiaTest"/>
  <testcase name="verifyText" time="0.217" classname="test.ExpendiaTest"/>
</testsuite> <!-- Automation Positive Tests -->
