<?xml version="1.0" encoding="UTF-8"?>
<!-- Generated by org.testng.reporters.JUnitReportReporter -->
<testsuite name="test.ExpendiaTest" tests="6" time="0.016" ignored="0" failures="0" timestamp="04 Nov 2019 20:08:46 GMT" skipped="5" hostname="LAPTOP-G0NLQ86S" errors="1">
  <testcase name="verifyText" time="0.000" classname="test.ExpendiaTest">
    <skipped/>
  </testcase> <!-- verifyText -->
  <testcase name="compareCheapPriceResult" time="0.000" classname="test.ExpendiaTest">
    <skipped/>
  </testcase> <!-- compareCheapPriceResult -->
  <testcase name="comparePriceResult" time="0.000" classname="test.ExpendiaTest">
    <skipped/>
  </testcase> <!-- comparePriceResult -->
  <testcase name="showFlightsResults" time="0.000" classname="test.ExpendiaTest">
    <skipped/>
  </testcase> <!-- showFlightsResults -->
  <testcase name="findFlight" time="0.016" classname="test.ExpendiaTest">
    <error type="java.io.FileNotFoundException" message="Add your path (The system cannot find the file specified)">
      <![CDATA[java.io.FileNotFoundException: Add your path (The system cannot find the file specified)
	at java.io.FileInputStream.open0(Native Method)
	at java.io.FileInputStream.open(Unknown Source)
	at java.io.FileInputStream.<init>(Unknown Source)
	at java.io.FileInputStream.<init>(Unknown Source)
	at PageObject.BasePage.setup(BasePage.java:19)
	at test.ExpendiaTest.findFlight(ExpendiaTest.java:29)
	at sun.reflect.NativeMethodAccessorImpl.invoke0(Native Method)
	at sun.reflect.NativeMethodAccessorImpl.invoke(Unknown Source)
	at sun.reflect.DelegatingMethodAccessorImpl.invoke(Unknown Source)
	at java.lang.reflect.Method.invoke(Unknown Source)
	at org.testng.internal.MethodInvocationHelper.invokeMethod(MethodInvocationHelper.java:104)
	at org.testng.internal.Invoker.invokeMethod(Invoker.java:645)
	at org.testng.internal.Invoker.invokeTestMethod(Invoker.java:851)
	at org.testng.internal.Invoker.invokeTestMethods(Invoker.java:1177)
	at org.testng.internal.TestMethodWorker.invokeTestMethods(TestMethodWorker.java:129)
	at org.testng.internal.TestMethodWorker.run(TestMethodWorker.java:112)
	at org.testng.TestRunner.privateRun(TestRunner.java:756)
	at org.testng.TestRunner.run(TestRunner.java:610)
	at org.testng.SuiteRunner.runTest(SuiteRunner.java:387)
	at org.testng.SuiteRunner.runSequentially(SuiteRunner.java:382)
	at org.testng.SuiteRunner.privateRun(SuiteRunner.java:340)
	at org.testng.SuiteRunner.run(SuiteRunner.java:289)
	at org.testng.SuiteRunnerWorker.runSuite(SuiteRunnerWorker.java:52)
	at org.testng.SuiteRunnerWorker.run(SuiteRunnerWorker.java:86)
	at org.testng.TestNG.runSuitesSequentially(TestNG.java:1293)
	at org.testng.TestNG.runSuitesLocally(TestNG.java:1218)
	at org.testng.TestNG.runSuites(TestNG.java:1133)
	at org.testng.TestNG.run(TestNG.java:1104)
	at org.testng.remote.AbstractRemoteTestNG.run(AbstractRemoteTestNG.java:115)
	at org.testng.remote.RemoteTestNG.initAndRun(RemoteTestNG.java:251)
	at org.testng.remote.RemoteTestNG.main(RemoteTestNG.java:77)
]]>
    </error>
  </testcase> <!-- findFlight -->
  <testcase name="verifyPanelAirlines" time="0.000" classname="test.ExpendiaTest">
    <skipped/>
  </testcase> <!-- verifyPanelAirlines -->
</testsuite> <!-- test.ExpendiaTest -->
